2022-04-16 20:39:06 Found Password ==>mypassword<== in Decrypted Block ==>{
  "guid": "9eb<==
2022-04-16 20:39:06 Found Password ==>mypassword<== in Decrypted Block ==>{
  "guid": "9eb<==
2022-04-16 20:39:07 Found Password ==>mypassword<== in Decrypted Block ==>{
  "guid": "2ca<==
2022-04-16 20:39:07 Found Password ==>mypassword<== in Decrypted Block ==>{
  "guid": "2ca<==
2022-04-16 20:39:07 Found Password ==>mypassword<== in Decrypted Block ==>{
  "guid": "407<==
2022-04-16 20:39:07 Found Password ==>mypassword<== in Decrypted Block ==>{
  "guid": "407<==
2022-04-16 20:39:08 Found Password ==>SomeTestPassword<== in Decrypted Block ==>{
  "guid": "5f0<==
2022-04-16 20:39:08 Found Password ==>SomeTestPassword<== in Decrypted Block ==>{
  "guid": "5f0<==
2022-04-16 20:39:08 Found Password ==>SomeTestPassword<== in Decrypted Block ==>{
  "guid": "5f0<==
2022-04-16 20:39:09 Found Password ==>SomeTestPassword<== in Decrypted Block ==>{
  "guid": "5f0<==
2022-04-16 20:39:09 Found Password ==>SomeTestPassword<== in Decrypted Block ==>{
  "guid": "e5e<==
2022-04-16 20:39:09 Found Password ==>SomeTestPassword<== in Decrypted Block ==>{
  "guid": "e5e<==
2022-04-16 20:39:09 Found Password ==>SomeTestPassword<== in Decrypted Block ==>{
  "guid": "e5e<==
2022-04-16 20:39:09 Found Password ==>SomeTestPassword<== in Decrypted Block ==>{
  "guid": "e5e<==
2022-04-16 20:39:13 Possible Password ==>btcr-test-password<== in Decrypted Block ==>{
	"guid" : "9bb<==
2022-04-16 20:39:13 Found Password ==>btcr-test-password<== in Decrypted Block ==>{
	"guid" : "9bb<==
2022-04-16 20:39:13 Possible Password ==>btcr-test-password<== in Decrypted Block ==>{
	"guid" : "9bb<==
2022-04-16 20:39:13 Found Password ==>btcr-test-password<== in Decrypted Block ==>{
	"guid" : "9bb<==
2022-04-16 20:39:13 Possible Password ==>testblockchain<== in Decrypted Block ==>{"address_book":<==
2022-04-16 20:39:13 Found Password ==>testblockchain<== in Decrypted Block ==>{"address_book":<==
2022-04-16 20:39:13 Possible Password ==>testblockchain<== in Decrypted Block ==>{"address_book":<==
2022-04-16 20:39:13 Found Password ==>testblockchain<== in Decrypted Block ==>{"address_book":<==
2022-04-16 20:39:14 Possible Password ==>btcr-test-password<== in Decrypted Block ==>{
	"guid" : "9bb<==
2022-04-16 20:39:14 Found Password ==>btcr-test-password<== in Decrypted Block ==>{
	"guid" : "9bb<==
2022-04-16 20:39:14 Possible Password ==>btcr-test-password<== in Decrypted Block ==>{
	"guid" : "9bb<==
2022-04-16 20:39:14 Found Password ==>btcr-test-password<== in Decrypted Block ==>{
	"guid" : "9bb<==
2022-04-16 20:39:14 Possible Password ==>btcr-test-password<== in Decrypted Block ==>{
	"guid" : "9bb<==
2022-04-16 20:39:14 Found Password ==>btcr-test-password<== in Decrypted Block ==>{
	"guid" : "9bb<==
2022-04-16 20:39:15 Possible Password ==>btcr-test-password<== in Decrypted Block ==>{
	"guid" : "9bb<==
2022-04-16 20:39:15 Found Password ==>btcr-test-password<== in Decrypted Block ==>{
	"guid" : "9bb<==
2022-04-16 20:39:15 Possible Password ==>btcr-test-password<== in Decrypted Block ==>{
	"guid" : "9bb<==
2022-04-16 20:39:15 Found Password ==>btcr-test-password<== in Decrypted Block ==>{
	"guid" : "9bb<==
2022-04-16 20:39:15 Possible Password ==>btcr-test-password<== in Decrypted Block ==>{
	"guid" : "9bb<==
2022-04-16 20:39:15 Found Password ==>btcr-test-password<== in Decrypted Block ==>{
	"guid" : "9bb<==
2022-04-16 20:39:15 Possible Password ==>btcr-test-password<== in Decrypted Block ==>{"tx_notes":{},"<==
2022-04-16 20:39:15 Found Password ==>btcr-test-password<== in Decrypted Block ==>{"tx_notes":{},"<==
2022-04-16 20:39:16 Possible Password ==>btcr-test-password<== in Decrypted Block ==>{"tx_notes":{},"<==
2022-04-16 20:39:16 Found Password ==>btcr-test-password<== in Decrypted Block ==>{"tx_notes":{},"<==
2022-04-16 20:39:16 Possible Password ==>Testing123!<== in Decrypted Block ==>{"double_encrypt<==
2022-04-16 20:39:16 Found Password ==>Testing123!<== in Decrypted Block ==>{"double_encrypt<==
2022-04-16 20:39:16 Possible Password ==>Testing123!<== in Decrypted Block ==>{"double_encrypt<==
2022-04-16 20:39:16 Found Password ==>Testing123!<== in Decrypted Block ==>{"double_encrypt<==
2022-04-16 20:39:16 Possible Password ==>btcr-test-password<== in Decrypted Block ==>{"tx_notes":{},"<==
2022-04-16 20:39:16 Found Password ==>btcr-test-password<== in Decrypted Block ==>{"tx_notes":{},"<==
2022-04-16 20:39:17 Possible Password ==>btcr-test-password<== in Decrypted Block ==>{"tx_notes":{},"<==
2022-04-16 20:39:17 Found Password ==>btcr-test-password<== in Decrypted Block ==>{"tx_notes":{},"<==
2022-04-16 20:39:17 Possible Password ==>btcr-test-password<== in Decrypted Block ==>{"tx_notes":{},"<==
2022-04-16 20:39:17 Found Password ==>btcr-test-password<== in Decrypted Block ==>{"tx_notes":{},"<==
2022-04-16 20:39:17 Possible Password ==>btcr-test-password<== in Decrypted Block ==>{"tx_notes":{},"<==
2022-04-16 20:39:17 Found Password ==>btcr-test-password<== in Decrypted Block ==>{"tx_notes":{},"<==
2022-04-16 20:39:19 Possible Password ==>btcr-test-password<== in Decrypted Block ==>{"guid":"5250055<==
2022-04-16 20:39:19 Found Password ==>btcr-test-password<== in Decrypted Block ==>{"guid":"5250055<==
2022-04-16 20:39:19 Possible Password ==>btcr-test-password<== in Decrypted Block ==>{"guid":"5250055<==
2022-04-16 20:39:19 Found Password ==>btcr-test-password<== in Decrypted Block ==>{"guid":"5250055<==
2022-04-16 20:39:38 Possible Password ==>btcr-test-password<== in Decrypted Block ==>[{"type":"HD Key<==
2022-04-16 20:39:38 Found Password ==>btcr-test-password<== in Decrypted Block ==>[{"type":"HD Key<==
2022-04-16 20:39:38 Possible Password ==>btcr-test-password<== in Decrypted Block ==>[{"type":"HD Key<==
2022-04-16 20:39:38 Found Password ==>btcr-test-password<== in Decrypted Block ==>[{"type":"HD Key<==
2022-04-16 20:39:38 Possible Password ==>btcr-test-password<== in Decrypted Block ==>[{"type":"HD Key<==
2022-04-16 20:39:38 Found Password ==>btcr-test-password<== in Decrypted Block ==>[{"type":"HD Key<==
2022-04-16 20:39:39 Possible Password ==>btcr-test-password<== in Decrypted Block ==>[{"type":"HD Key<==
2022-04-16 20:39:39 Found Password ==>btcr-test-password<== in Decrypted Block ==>[{"type":"HD Key<==
2022-04-16 20:39:39 Possible Password ==>btcr-test-password<== in Decrypted Block ==>[{"type":"HD Key<==
2022-04-16 20:39:39 Found Password ==>btcr-test-password<== in Decrypted Block ==>[{"type":"HD Key<==
2022-04-16 20:39:39 Possible Password ==>btcr-test-password<== in Decrypted Block ==>[{"type":"HD Key<==
2022-04-16 20:39:39 Found Password ==>btcr-test-password<== in Decrypted Block ==>[{"type":"HD Key<==
2022-04-16 20:39:57 Possible Password ==>BTCR-test-passw0rd<== in Decrypted Block ==>{"version":"v2",<==
2022-04-16 20:39:57 Found Password ==>BTCR-test-passw0rd<== in Decrypted Block ==>{"version":"v2",<==
2022-04-16 20:39:58 Possible Password ==>BTCR-test-passw0rd<== in Decrypted Block ==>{"version":"v2",<==
2022-04-16 20:39:58 Found Password ==>BTCR-test-passw0rd<== in Decrypted Block ==>{"version":"v2",<==
2022-04-16 20:39:58 Possible Password ==>btcr-test-password<== in Decrypted Block ==>[{"type":"HD Key<==
2022-04-16 20:39:58 Found Password ==>btcr-test-password<== in Decrypted Block ==>[{"type":"HD Key<==
2022-04-16 20:39:58 Possible Password ==>btcr-test-password<== in Decrypted Block ==>[{"type":"HD Key<==
2022-04-16 20:39:58 Found Password ==>btcr-test-password<== in Decrypted Block ==>[{"type":"HD Key<==
2022-04-16 20:39:58 Possible Password ==>btcr-test-password<== in Decrypted Block ==>"{\"mnemonic\":\<==
2022-04-16 20:39:58 Found Password ==>btcr-test-password<== in Decrypted Block ==>"{\"mnemonic\":\<==
2022-04-16 20:39:59 Possible Password ==>btcr-test-password<== in Decrypted Block ==>"{\"mnemonic\":\<==
2022-04-16 20:39:59 Found Password ==>btcr-test-password<== in Decrypted Block ==>"{\"mnemonic\":\<==
2022-04-16 20:39:59 Possible Password ==>btcr-test-password<== in Decrypted Block ==>[{"type":"HD Key<==
2022-04-16 20:39:59 Found Password ==>btcr-test-password<== in Decrypted Block ==>[{"type":"HD Key<==
2022-04-16 20:39:59 Possible Password ==>btcr-test-password<== in Decrypted Block ==>[{"type":"HD Key<==
2022-04-16 20:39:59 Found Password ==>btcr-test-password<== in Decrypted Block ==>[{"type":"HD Key<==
2022-04-16 20:40:24 Possible Password ==>btcr-test-password<== in Decrypted Block ==>{
	"guid" : "9bb<==
2022-04-16 20:40:24 Found Password ==>btcr-test-password<== in Decrypted Block ==>{
	"guid" : "9bb<==
2022-04-16 20:40:24 Possible Password ==>btcr-test-password<== in Decrypted Block ==>{
	"guid" : "9bb<==
2022-04-16 20:40:24 Found Password ==>btcr-test-password<== in Decrypted Block ==>{
	"guid" : "9bb<==
2022-04-16 20:40:25 Possible Password ==>btcr-test-password<== in Decrypted Block ==>{
	"guid" : "9bb<==
2022-04-16 20:40:25 Found Password ==>btcr-test-password<== in Decrypted Block ==>{
	"guid" : "9bb<==
2022-04-16 20:40:25 Possible Password ==>btcr-test-password<== in Decrypted Block ==>{
	"guid" : "9bb<==
2022-04-16 20:40:25 Found Password ==>btcr-test-password<== in Decrypted Block ==>{
	"guid" : "9bb<==
2022-04-16 20:40:25 Possible Password ==>btcr-test-password<== in Decrypted Block ==>{"tx_notes":{},"<==
2022-04-16 20:40:25 Found Password ==>btcr-test-password<== in Decrypted Block ==>{"tx_notes":{},"<==
2022-04-16 20:40:25 Possible Password ==>BTCR-test-passw0rd<== in Decrypted Block ==>{"version":"v2",<==
2022-04-16 20:40:25 Found Password ==>BTCR-test-passw0rd<== in Decrypted Block ==>{"version":"v2",<==
2022-04-16 20:40:25 Possible Password ==>btcr-test-password<== in Decrypted Block ==>[{"type":"HD Key<==
2022-04-16 20:40:25 Found Password ==>btcr-test-password<== in Decrypted Block ==>[{"type":"HD Key<==
2022-04-16 20:40:25 Possible Password ==>btcr-test-password<== in Decrypted Block ==>[{"type":"HD Key<==
2022-04-16 20:40:25 Found Password ==>btcr-test-password<== in Decrypted Block ==>[{"type":"HD Key<==
2022-04-16 20:40:25 Possible Password ==>btcr-test-password<== in Decrypted Block ==>[{"type":"HD Key<==
2022-04-16 20:40:25 Found Password ==>btcr-test-password<== in Decrypted Block ==>[{"type":"HD Key<==
2022-04-16 20:40:25 Possible Password ==>btcr-test-password<== in Decrypted Block ==>"{\"mnemonic\":\<==
2022-04-16 20:40:25 Found Password ==>btcr-test-password<== in Decrypted Block ==>"{\"mnemonic\":\<==
